!!! В данных выходных файлах почему-то секунды отображаются как какие-то сумасшедшие числа, 
при дублировании вывода на консоль отображается нормальное число секунд - от 0 и до тех пор, 
пока либо программа не закончит свою работу, либо пока я не прерву ее выполнение. Скриншоты будут в отчете !!!

The number of chatties: 3
Working time is: 30 seconds
Config file: config1.txt
3 seconds - the prog is launched. All chatties are active! 
For entire -1476325320 seconds the chatty -1476325216 is waiting for a call -- 1667331187 seconds!
For entire -1476325324 seconds the chatty -1476325216 is waiting for a call -- 1667331187 seconds!
For entire -1476325316 seconds the chatty -1476325216 is waiting for a call -- 1667331187 seconds!
For entire 1765627586 seconds the chatty 0 is trying to call somebody!
For entire -1476325304 seconds the chatty -1476325216 is waiting for a call -- 1667331187 seconds!
For entire 1765627589 seconds the chatty 0 is trying to call somebody!
For entire -1476325216 seconds the chatty 1667331187 and the chatty 988897344 are talking - 0 seconds!
0 seconds: the chatty 0 and the chatty 1667331187 stopped talking!
For entire -1476325276 seconds the chatty -1476325216 is waiting for a call -- 1667331187 seconds!
For entire -1476325216 seconds the chatty 1667331187 and the chatty 988897584 are talking - 0 seconds!
0 seconds: the chatty 0 and the chatty 1667331187 stopped talking!
For entire -1476325272 seconds the chatty -1476325216 is waiting for a call -- 1667331187 seconds!
For entire 1765627593 seconds the chatty 0 is trying to call somebody!
For entire 1765627593 seconds the chatty 0 is trying to call somebody!
1765627593 seconds -  the chatty 0 did not find another chatties :(
For entire -1476325228 seconds the chatty -1476325216 is waiting for a call -- 1667331187 seconds!
1765627585 seconds -  the stopping signal got. Now we are stopping the work!
For entire -1476325216 seconds the chatty 1667331187 and the chatty 988897584 are talking - 0 seconds!
0 seconds: the chatty 0 and the chatty 1667331187 stopped talking!
